<?xml version="1.0" encoding="UTF-8"?>
<!-- Generated by org.testng.reporters.JUnitXMLReporter -->
<testsuite ignored="0" hostname="LAPTOP-UJ8D7LCH" failures="0" tests="10" name="Test" time="96.039" errors="0" timestamp="2021-11-19T16:06:13 IST">
  <testcase classname="com.mindtree.Runner.TestRunner" name="loadBrowser" time="18.984"/>
  <testcase classname="com.mindtree.Runner.TestRunner" name="sortingFeature" time="8.846"/>
  <testcase classname="com.mindtree.Runner.TestRunner" name="navigatingTheMenus" time="15.148"/>
  <testcase classname="com.mindtree.Runner.TestRunner" name="searchProduct" time="6.031"/>
  <testcase classname="com.mindtree.Runner.TestRunner" name="addToCart" time="10.384"/>
  <testcase classname="com.mindtree.Runner.TestRunner" name="addGiftCard" time="6.419"/>
  <testcase classname="com.mindtree.Runner.TestRunner" name="contactUs" time="6.507"/>
  <testcase classname="com.mindtree.Runner.TestRunner" name="wishList" time="11.232"/>
  <testcase classname="com.mindtree.Runner.TestRunner" name="cart" time="6.253"/>
  <testcase classname="com.mindtree.Runner.TestRunner" name="aboutUs" time="3.82"/>
</testsuite> <!-- Test -->
