<?xml version="1.0" encoding="UTF-8"?>
<testng-results ignored="0" total="2" passed="2" failed="0" skipped="0">
  <reporter-output>
  </reporter-output>
  <suite started-at="2021-11-19T11:48:01 IST" name="Default suite" finished-at="2021-11-19T11:48:32 IST" duration-ms="31533">
    <groups>
    </groups>
    <test started-at="2021-11-19T11:48:01 IST" name="Default test" finished-at="2021-11-19T11:48:32 IST" duration-ms="31533">
      <class name="com.mindtree.Runner.TestRunner">
        <test-method signature="loadBrowser()[pri:1, instance:com.mindtree.Runner.TestRunner@7674f035]" started-at="2021-11-19T11:48:01 IST" name="loadBrowser" finished-at="2021-11-19T11:48:23 IST" duration-ms="22629" status="PASS">
          <reporter-output>
          </reporter-output>
        </test-method> <!-- loadBrowser -->
        <test-method signature="contactUs()[pri:7, instance:com.mindtree.Runner.TestRunner@7674f035]" started-at="2021-11-19T11:48:23 IST" name="contactUs" finished-at="2021-11-19T11:48:32 IST" duration-ms="8867" status="PASS">
          <reporter-output>
          </reporter-output>
        </test-method> <!-- contactUs -->
      </class> <!-- com.mindtree.Runner.TestRunner -->
    </test> <!-- Default test -->
  </suite> <!-- Default suite -->
</testng-results>
